Detecting C OpenMP failed with the following output:
Change Dir: /Users/samymahi/Documents/L2_INFO/Semestre_4/PROJET_S3/opengl/assimp/CMakeFiles/CMakeTmp

Run Build Command(s):/usr/bin/make cmTC_b9df2/fast && /Library/Developer/CommandLineTools/usr/bin/make -f CMakeFiles/cmTC_b9df2.dir/build.make CMakeFiles/cmTC_b9df2.dir/build
Building C object CMakeFiles/cmTC_b9df2.dir/OpenMPTryFlag.c.o
/Library/Developer/CommandLineTools/usr/bin/cc   -fopenmp=libomp -v -isysroot /Library/Developer/CommandLineTools/SDKs/MacOSX10.15.sdk   -o CMakeFiles/cmTC_b9df2.dir/OpenMPTryFlag.c.o   -c /Users/samymahi/Documents/L2_INFO/Semestre_4/PROJET_S3/opengl/assimp/CMakeFiles/FindOpenMP/OpenMPTryFlag.c
Apple clang version 11.0.0 (clang-1100.0.33.17)
Target: x86_64-apple-darwin19.2.0
Thread model: posix
InstalledDir: /Library/Developer/CommandLineTools/usr/bin
clang: error: unsupported argument 'libomp' to option 'fopenmp='
make[1]: *** [CMakeFiles/cmTC_b9df2.dir/OpenMPTryFlag.c.o] Error 1
make: *** [cmTC_b9df2/fast] Error 2



Detecting C OpenMP failed with the following output:
Change Dir: /Users/samymahi/Documents/L2_INFO/Semestre_4/PROJET_S3/opengl/assimp/CMakeFiles/CMakeTmp

Run Build Command(s):/usr/bin/make cmTC_e4871/fast && /Library/Developer/CommandLineTools/usr/bin/make -f CMakeFiles/cmTC_e4871.dir/build.make CMakeFiles/cmTC_e4871.dir/build
Building C object CMakeFiles/cmTC_e4871.dir/OpenMPTryFlag.c.o
/Library/Developer/CommandLineTools/usr/bin/cc   -fopenmp=libiomp5 -v -isysroot /Library/Developer/CommandLineTools/SDKs/MacOSX10.15.sdk   -o CMakeFiles/cmTC_e4871.dir/OpenMPTryFlag.c.o   -c /Users/samymahi/Documents/L2_INFO/Semestre_4/PROJET_S3/opengl/assimp/CMakeFiles/FindOpenMP/OpenMPTryFlag.c
Apple clang version 11.0.0 (clang-1100.0.33.17)
Target: x86_64-apple-darwin19.2.0
Thread model: posix
InstalledDir: /Library/Developer/CommandLineTools/usr/bin
clang: error: unsupported argument 'libiomp5' to option 'fopenmp='
make[1]: *** [CMakeFiles/cmTC_e4871.dir/OpenMPTryFlag.c.o] Error 1
make: *** [cmTC_e4871/fast] Error 2



Detecting C OpenMP failed with the following output:
Change Dir: /Users/samymahi/Documents/L2_INFO/Semestre_4/PROJET_S3/opengl/assimp/CMakeFiles/CMakeTmp

Run Build Command(s):/usr/bin/make cmTC_fdba2/fast && /Library/Developer/CommandLineTools/usr/bin/make -f CMakeFiles/cmTC_fdba2.dir/build.make CMakeFiles/cmTC_fdba2.dir/build
Building C object CMakeFiles/cmTC_fdba2.dir/OpenMPTryFlag.c.o
/Library/Developer/CommandLineTools/usr/bin/cc   -fopenmp -v -isysroot /Library/Developer/CommandLineTools/SDKs/MacOSX10.15.sdk   -o CMakeFiles/cmTC_fdba2.dir/OpenMPTryFlag.c.o   -c /Users/samymahi/Documents/L2_INFO/Semestre_4/PROJET_S3/opengl/assimp/CMakeFiles/FindOpenMP/OpenMPTryFlag.c
Apple clang version 11.0.0 (clang-1100.0.33.17)
Target: x86_64-apple-darwin19.2.0
Thread model: posix
InstalledDir: /Library/Developer/CommandLineTools/usr/bin
clang: error: unsupported option '-fopenmp'
make[1]: *** [CMakeFiles/cmTC_fdba2.dir/OpenMPTryFlag.c.o] Error 1
make: *** [cmTC_fdba2/fast] Error 2



Detecting C OpenMP failed with the following output:
Change Dir: /Users/samymahi/Documents/L2_INFO/Semestre_4/PROJET_S3/opengl/assimp/CMakeFiles/CMakeTmp

Run Build Command(s):/usr/bin/make cmTC_6f3e8/fast && /Library/Developer/CommandLineTools/usr/bin/make -f CMakeFiles/cmTC_6f3e8.dir/build.make CMakeFiles/cmTC_6f3e8.dir/build
Building C object CMakeFiles/cmTC_6f3e8.dir/OpenMPTryFlag.c.o
/Library/Developer/CommandLineTools/usr/bin/cc   -Xclang -fopenmp -v -isysroot /Library/Developer/CommandLineTools/SDKs/MacOSX10.15.sdk   -o CMakeFiles/cmTC_6f3e8.dir/OpenMPTryFlag.c.o   -c /Users/samymahi/Documents/L2_INFO/Semestre_4/PROJET_S3/opengl/assimp/CMakeFiles/FindOpenMP/OpenMPTryFlag.c
Apple clang version 11.0.0 (clang-1100.0.33.17)
Target: x86_64-apple-darwin19.2.0
Thread model: posix
InstalledDir: /Library/Developer/CommandLineTools/usr/bin
 "/Library/Developer/CommandLineTools/usr/bin/clang" -cc1 -triple x86_64-apple-macosx10.15.0 -Wdeprecated-objc-isa-usage -Werror=deprecated-objc-isa-usage -emit-obj -mrelax-all -disable-free -disable-llvm-verifier -discard-value-names -main-file-name OpenMPTryFlag.c -mrelocation-model pic -pic-level 2 -mthread-model posix -mdisable-fp-elim -fno-strict-return -masm-verbose -munwind-tables -target-sdk-version=10.15 -target-cpu penryn -dwarf-column-info -debugger-tuning=lldb -ggnu-pubnames -target-linker-version 530 -v -coverage-notes-file /Users/samymahi/Documents/L2_INFO/Semestre_4/PROJET_S3/opengl/assimp/CMakeFiles/CMakeTmp/CMakeFiles/cmTC_6f3e8.dir/OpenMPTryFlag.c.gcno -resource-dir /Library/Developer/CommandLineTools/usr/lib/clang/11.0.0 -isysroot /Library/Developer/CommandLineTools/SDKs/MacOSX10.15.sdk -Wno-framework-include-private-from-public -Wno-atimport-in-framework-header -Wno-extra-semi-stmt -Wno-quoted-include-in-framework-header -fdebug-compilation-dir /Users/samymahi/Documents/L2_INFO/Semestre_4/PROJET_S3/opengl/assimp/CMakeFiles/CMakeTmp -ferror-limit 19 -fmessage-length 0 -stack-protector 1 -fstack-check -mdarwin-stkchk-strong-link -fblocks -fencode-extended-block-signature -fregister-global-dtors-with-atexit -fobjc-runtime=macosx-10.15.0 -fmax-type-align=16 -fdiagnostics-show-option -fopenmp -o CMakeFiles/cmTC_6f3e8.dir/OpenMPTryFlag.c.o -x c /Users/samymahi/Documents/L2_INFO/Semestre_4/PROJET_S3/opengl/assimp/CMakeFiles/FindOpenMP/OpenMPTryFlag.c
clang -cc1 version 11.0.0 (clang-1100.0.33.17) default target x86_64-apple-darwin19.2.0
ignoring nonexistent directory "/Library/Developer/CommandLineTools/SDKs/MacOSX10.15.sdk/usr/local/include"
ignoring nonexistent directory "/Library/Developer/CommandLineTools/SDKs/MacOSX10.15.sdk/Library/Frameworks"
#include "..." search starts here:
#include <...> search starts here:
 /Library/Developer/CommandLineTools/usr/lib/clang/11.0.0/include
 /Library/Developer/CommandLineTools/usr/include
 /Library/Developer/CommandLineTools/SDKs/MacOSX10.15.sdk/usr/include
 /Library/Developer/CommandLineTools/SDKs/MacOSX10.15.sdk/System/Library/Frameworks (framework directory)
End of search list.
/Users/samymahi/Documents/L2_INFO/Semestre_4/PROJET_S3/opengl/assimp/CMakeFiles/FindOpenMP/OpenMPTryFlag.c:2:10: fatal error: 'omp.h' file not found
#include <omp.h>
         ^~~~~~~
1 error generated.
make[1]: *** [CMakeFiles/cmTC_6f3e8.dir/OpenMPTryFlag.c.o] Error 1
make: *** [cmTC_6f3e8/fast] Error 2



Detecting CXX OpenMP failed with the following output:
Change Dir: /Users/samymahi/Documents/L2_INFO/Semestre_4/PROJET_S3/opengl/assimp/CMakeFiles/CMakeTmp

Run Build Command(s):/usr/bin/make cmTC_a5f7b/fast && /Library/Developer/CommandLineTools/usr/bin/make -f CMakeFiles/cmTC_a5f7b.dir/build.make CMakeFiles/cmTC_a5f7b.dir/build
Building CXX object CMakeFiles/cmTC_a5f7b.dir/OpenMPTryFlag.cpp.o
/Library/Developer/CommandLineTools/usr/bin/c++    -fopenmp=libomp -v -isysroot /Library/Developer/CommandLineTools/SDKs/MacOSX10.15.sdk   -o CMakeFiles/cmTC_a5f7b.dir/OpenMPTryFlag.cpp.o -c /Users/samymahi/Documents/L2_INFO/Semestre_4/PROJET_S3/opengl/assimp/CMakeFiles/FindOpenMP/OpenMPTryFlag.cpp
Apple clang version 11.0.0 (clang-1100.0.33.17)
Target: x86_64-apple-darwin19.2.0
Thread model: posix
InstalledDir: /Library/Developer/CommandLineTools/usr/bin
clang: error: unsupported argument 'libomp' to option 'fopenmp='
make[1]: *** [CMakeFiles/cmTC_a5f7b.dir/OpenMPTryFlag.cpp.o] Error 1
make: *** [cmTC_a5f7b/fast] Error 2



Detecting CXX OpenMP failed with the following output:
Change Dir: /Users/samymahi/Documents/L2_INFO/Semestre_4/PROJET_S3/opengl/assimp/CMakeFiles/CMakeTmp

Run Build Command(s):/usr/bin/make cmTC_92870/fast && /Library/Developer/CommandLineTools/usr/bin/make -f CMakeFiles/cmTC_92870.dir/build.make CMakeFiles/cmTC_92870.dir/build
Building CXX object CMakeFiles/cmTC_92870.dir/OpenMPTryFlag.cpp.o
/Library/Developer/CommandLineTools/usr/bin/c++    -fopenmp=libiomp5 -v -isysroot /Library/Developer/CommandLineTools/SDKs/MacOSX10.15.sdk   -o CMakeFiles/cmTC_92870.dir/OpenMPTryFlag.cpp.o -c /Users/samymahi/Documents/L2_INFO/Semestre_4/PROJET_S3/opengl/assimp/CMakeFiles/FindOpenMP/OpenMPTryFlag.cpp
Apple clang version 11.0.0 (clang-1100.0.33.17)
Target: x86_64-apple-darwin19.2.0
Thread model: posix
InstalledDir: /Library/Developer/CommandLineTools/usr/bin
clang: error: unsupported argument 'libiomp5' to option 'fopenmp='
make[1]: *** [CMakeFiles/cmTC_92870.dir/OpenMPTryFlag.cpp.o] Error 1
make: *** [cmTC_92870/fast] Error 2



Detecting CXX OpenMP failed with the following output:
Change Dir: /Users/samymahi/Documents/L2_INFO/Semestre_4/PROJET_S3/opengl/assimp/CMakeFiles/CMakeTmp

Run Build Command(s):/usr/bin/make cmTC_3dd6c/fast && /Library/Developer/CommandLineTools/usr/bin/make -f CMakeFiles/cmTC_3dd6c.dir/build.make CMakeFiles/cmTC_3dd6c.dir/build
Building CXX object CMakeFiles/cmTC_3dd6c.dir/OpenMPTryFlag.cpp.o
/Library/Developer/CommandLineTools/usr/bin/c++    -fopenmp -v -isysroot /Library/Developer/CommandLineTools/SDKs/MacOSX10.15.sdk   -o CMakeFiles/cmTC_3dd6c.dir/OpenMPTryFlag.cpp.o -c /Users/samymahi/Documents/L2_INFO/Semestre_4/PROJET_S3/opengl/assimp/CMakeFiles/FindOpenMP/OpenMPTryFlag.cpp
Apple clang version 11.0.0 (clang-1100.0.33.17)
Target: x86_64-apple-darwin19.2.0
Thread model: posix
InstalledDir: /Library/Developer/CommandLineTools/usr/bin
clang: error: unsupported option '-fopenmp'
make[1]: *** [CMakeFiles/cmTC_3dd6c.dir/OpenMPTryFlag.cpp.o] Error 1
make: *** [cmTC_3dd6c/fast] Error 2



Detecting CXX OpenMP failed with the following output:
Change Dir: /Users/samymahi/Documents/L2_INFO/Semestre_4/PROJET_S3/opengl/assimp/CMakeFiles/CMakeTmp

Run Build Command(s):/usr/bin/make cmTC_1218f/fast && /Library/Developer/CommandLineTools/usr/bin/make -f CMakeFiles/cmTC_1218f.dir/build.make CMakeFiles/cmTC_1218f.dir/build
Building CXX object CMakeFiles/cmTC_1218f.dir/OpenMPTryFlag.cpp.o
/Library/Developer/CommandLineTools/usr/bin/c++    -Xclang -fopenmp -v -isysroot /Library/Developer/CommandLineTools/SDKs/MacOSX10.15.sdk   -o CMakeFiles/cmTC_1218f.dir/OpenMPTryFlag.cpp.o -c /Users/samymahi/Documents/L2_INFO/Semestre_4/PROJET_S3/opengl/assimp/CMakeFiles/FindOpenMP/OpenMPTryFlag.cpp
Apple clang version 11.0.0 (clang-1100.0.33.17)
Target: x86_64-apple-darwin19.2.0
Thread model: posix
InstalledDir: /Library/Developer/CommandLineTools/usr/bin
 "/Library/Developer/CommandLineTools/usr/bin/clang" -cc1 -triple x86_64-apple-macosx10.15.0 -Wdeprecated-objc-isa-usage -Werror=deprecated-objc-isa-usage -emit-obj -mrelax-all -disable-free -disable-llvm-verifier -discard-value-names -main-file-name OpenMPTryFlag.cpp -mrelocation-model pic -pic-level 2 -mthread-model posix -mdisable-fp-elim -fno-strict-return -masm-verbose -munwind-tables -target-sdk-version=10.15 -target-cpu penryn -dwarf-column-info -debugger-tuning=lldb -ggnu-pubnames -target-linker-version 530 -v -coverage-notes-file /Users/samymahi/Documents/L2_INFO/Semestre_4/PROJET_S3/opengl/assimp/CMakeFiles/CMakeTmp/CMakeFiles/cmTC_1218f.dir/OpenMPTryFlag.cpp.gcno -resource-dir /Library/Developer/CommandLineTools/usr/lib/clang/11.0.0 -isysroot /Library/Developer/CommandLineTools/SDKs/MacOSX10.15.sdk -stdlib=libc++ -internal-isystem /Library/Developer/CommandLineTools/usr/bin/../include/c++/v1 -Wno-framework-include-private-from-public -Wno-atimport-in-framework-header -Wno-extra-semi-stmt -Wno-quoted-include-in-framework-header -fdeprecated-macro -fdebug-compilation-dir /Users/samymahi/Documents/L2_INFO/Semestre_4/PROJET_S3/opengl/assimp/CMakeFiles/CMakeTmp -ferror-limit 19 -fmessage-length 0 -stack-protector 1 -fstack-check -mdarwin-stkchk-strong-link -fblocks -fencode-extended-block-signature -fregister-global-dtors-with-atexit -fobjc-runtime=macosx-10.15.0 -fcxx-exceptions -fexceptions -fmax-type-align=16 -fdiagnostics-show-option -fopenmp -o CMakeFiles/cmTC_1218f.dir/OpenMPTryFlag.cpp.o -x c++ /Users/samymahi/Documents/L2_INFO/Semestre_4/PROJET_S3/opengl/assimp/CMakeFiles/FindOpenMP/OpenMPTryFlag.cpp
clang -cc1 version 11.0.0 (clang-1100.0.33.17) default target x86_64-apple-darwin19.2.0
ignoring nonexistent directory "/Library/Developer/CommandLineTools/SDKs/MacOSX10.15.sdk/usr/include/c++/v1"
ignoring nonexistent directory "/Library/Developer/CommandLineTools/SDKs/MacOSX10.15.sdk/usr/local/include"
ignoring nonexistent directory "/Library/Developer/CommandLineTools/SDKs/MacOSX10.15.sdk/Library/Frameworks"
#include "..." search starts here:
#include <...> search starts here:
 /Library/Developer/CommandLineTools/usr/bin/../include/c++/v1
 /Library/Developer/CommandLineTools/usr/lib/clang/11.0.0/include
 /Library/Developer/CommandLineTools/usr/include
 /Library/Developer/CommandLineTools/SDKs/MacOSX10.15.sdk/usr/include
 /Library/Developer/CommandLineTools/SDKs/MacOSX10.15.sdk/System/Library/Frameworks (framework directory)
End of search list.
/Users/samymahi/Documents/L2_INFO/Semestre_4/PROJET_S3/opengl/assimp/CMakeFiles/FindOpenMP/OpenMPTryFlag.cpp:2:10: fatal error: 'omp.h' file not found
#include <omp.h>
         ^~~~~~~
1 error generated.
make[1]: *** [CMakeFiles/cmTC_1218f.dir/OpenMPTryFlag.cpp.o] Error 1
make: *** [cmTC_1218f/fast] Error 2



